<?xml version="1.0" encoding="UTF-8"?>
<testng-results skipped="0" failed="0" total="1" passed="1">
  <reporter-output>
  </reporter-output>
  <suite name="Default suite" duration-ms="70" started-at="2021-07-19T10:55:32Z" finished-at="2021-07-19T10:55:32Z">
    <groups>
    </groups>
    <test name="Default test" duration-ms="70" started-at="2021-07-19T10:55:32Z" finished-at="2021-07-19T10:55:32Z">
      <class name="test.TestLogin">
        <test-method status="PASS" signature="test1()[pri:0, instance:test.TestLogin@387c703b]" name="test1" duration-ms="25" started-at="2021-07-19T16:25:32Z" finished-at="2021-07-19T16:25:32Z">
          <reporter-output>
          </reporter-output>
        </test-method> <!-- test1 -->
      </class> <!-- test.TestLogin -->
    </test> <!-- Default test -->
  </suite> <!-- Default suite -->
</testng-results>
